{"name": "Первый набор данных", "status": "broken", "statusDetails": {"message": "selenium.common.exceptions.NoSuchElementException: Message: Unable to locate element: //input[contains(@class, 'Input_Input__1iN_Z') and @placeholder='* Когда привезти самокат']\nStacktrace:\nWebDriverError@chrome://remote/content/shared/webdriver/Errors.jsm:186:5\nNoSuchElementError@chrome://remote/content/shared/webdriver/Errors.jsm:398:5\nelement.find/</<@chrome://remote/content/marionette/element.js:300:16", "trace": "self = <test_order.TestOrder object at 0x7fcd0e955360>\n\n    @allure.description('Позитивный тест заказа с первым набором данных')\n    @allure.title('Первый набор данных')\n    def test_1(self):\n        page = self.page\n        page.close_cookie_popup()\n        page.use_top_order_button()\n        page.fill_fields_1(page.firs_station_choise, page.street_address_1)\n        page.place_order_1()\n>       page.fill_fields_2(page.time_rent_select_1,\n                           page.comment_text_1,\n                           page.color_checkbox_1)\n\ntest/test_order.py:28: \n_ _ _ _ _ _ _ _ _ _ _ _ _ _ _ _ _ _ _ _ _ _ _ _ _ _ _ _ _ _ _ _ _ _ _ _ _ _ _ _ _ _ _ _ _ _ _ _ _ _ _ _ _ _ _ _ _ _ _ _ _ _ _ _ _ _ _ _ _ _ _ _ _ _ _ _ _ _ _ _ _ _ _ _ _\npages/order_page.py:102: in fill_fields_2\n    d.find_element(*self.time_delivery_field).send_keys(\n../../.local/share/virtualenvs/Sprint_4-n8I3Qonr/lib/python3.10/site-packages/selenium/webdriver/remote/webdriver.py:856: in find_element\n    return self.execute(Command.FIND_ELEMENT, {\n../../.local/share/virtualenvs/Sprint_4-n8I3Qonr/lib/python3.10/site-packages/selenium/webdriver/remote/webdriver.py:429: in execute\n    self.error_handler.check_response(response)\n_ _ _ _ _ _ _ _ _ _ _ _ _ _ _ _ _ _ _ _ _ _ _ _ _ _ _ _ _ _ _ _ _ _ _ _ _ _ _ _ _ _ _ _ _ _ _ _ _ _ _ _ _ _ _ _ _ _ _ _ _ _ _ _ _ _ _ _ _ _ _ _ _ _ _ _ _ _ _ _ _ _ _ _ _\n\nself = <selenium.webdriver.remote.errorhandler.ErrorHandler object at 0x7fcd0e98bb80>\nresponse = {'status': 404, 'value': '{\"value\":{\"error\":\"no such element\",\"message\":\"Unable to locate element: //input[contains(@c...ntent/shared/webdriver/Errors.jsm:398:5\\\\nelement.find/</<@chrome://remote/content/marionette/element.js:300:16\\\\n\"}}'}\n\n    def check_response(self, response: Dict[str, Any]) -> None:\n        \"\"\"\n        Checks that a JSON response from the WebDriver does not have an error.\n    \n        :Args:\n         - response - The JSON response from the WebDriver server as a dictionary\n           object.\n    \n        :Raises: If the response contains an error message.\n        \"\"\"\n        status = response.get('status', None)\n        if not status or status == ErrorCode.SUCCESS:\n            return\n        value = None\n        message = response.get(\"message\", \"\")\n        screen: str = response.get(\"screen\", \"\")\n        stacktrace = None\n        if isinstance(status, int):\n            value_json = response.get('value', None)\n            if value_json and isinstance(value_json, str):\n                import json\n                try:\n                    value = json.loads(value_json)\n                    if len(value.keys()) == 1:\n                        value = value['value']\n                    status = value.get('error', None)\n                    if not status:\n                        status = value.get(\"status\", ErrorCode.UNKNOWN_ERROR)\n                        message = value.get(\"value\") or value.get(\"message\")\n                        if not isinstance(message, str):\n                            value = message\n                            message = message.get('message')\n                    else:\n                        message = value.get('message', None)\n                except ValueError:\n                    pass\n    \n        exception_class: Type[WebDriverException]\n        if status in ErrorCode.NO_SUCH_ELEMENT:\n            exception_class = NoSuchElementException\n        elif status in ErrorCode.NO_SUCH_FRAME:\n            exception_class = NoSuchFrameException\n        elif status in ErrorCode.NO_SUCH_SHADOW_ROOT:\n            exception_class = NoSuchShadowRootException\n        elif status in ErrorCode.NO_SUCH_WINDOW:\n            exception_class = NoSuchWindowException\n        elif status in ErrorCode.STALE_ELEMENT_REFERENCE:\n            exception_class = StaleElementReferenceException\n        elif status in ErrorCode.ELEMENT_NOT_VISIBLE:\n            exception_class = ElementNotVisibleException\n        elif status in ErrorCode.INVALID_ELEMENT_STATE:\n            exception_class = InvalidElementStateException\n        elif status in ErrorCode.INVALID_SELECTOR \\\n                or status in ErrorCode.INVALID_XPATH_SELECTOR \\\n                or status in ErrorCode.INVALID_XPATH_SELECTOR_RETURN_TYPER:\n            exception_class = InvalidSelectorException\n        elif status in ErrorCode.ELEMENT_IS_NOT_SELECTABLE:\n            exception_class = ElementNotSelectableException\n        elif status in ErrorCode.ELEMENT_NOT_INTERACTABLE:\n            exception_class = ElementNotInteractableException\n        elif status in ErrorCode.INVALID_COOKIE_DOMAIN:\n            exception_class = InvalidCookieDomainException\n        elif status in ErrorCode.UNABLE_TO_SET_COOKIE:\n            exception_class = UnableToSetCookieException\n        elif status in ErrorCode.TIMEOUT:\n            exception_class = TimeoutException\n        elif status in ErrorCode.SCRIPT_TIMEOUT:\n            exception_class = TimeoutException\n        elif status in ErrorCode.UNKNOWN_ERROR:\n            exception_class = WebDriverException\n        elif status in ErrorCode.UNEXPECTED_ALERT_OPEN:\n            exception_class = UnexpectedAlertPresentException\n        elif status in ErrorCode.NO_ALERT_OPEN:\n            exception_class = NoAlertPresentException\n        elif status in ErrorCode.IME_NOT_AVAILABLE:\n            exception_class = ImeNotAvailableException\n        elif status in ErrorCode.IME_ENGINE_ACTIVATION_FAILED:\n            exception_class = ImeActivationFailedException\n        elif status in ErrorCode.MOVE_TARGET_OUT_OF_BOUNDS:\n            exception_class = MoveTargetOutOfBoundsException\n        elif status in ErrorCode.JAVASCRIPT_ERROR:\n            exception_class = JavascriptException\n        elif status in ErrorCode.SESSION_NOT_CREATED:\n            exception_class = SessionNotCreatedException\n        elif status in ErrorCode.INVALID_ARGUMENT:\n            exception_class = InvalidArgumentException\n        elif status in ErrorCode.NO_SUCH_COOKIE:\n            exception_class = NoSuchCookieException\n        elif status in ErrorCode.UNABLE_TO_CAPTURE_SCREEN:\n            exception_class = ScreenshotException\n        elif status in ErrorCode.ELEMENT_CLICK_INTERCEPTED:\n            exception_class = ElementClickInterceptedException\n        elif status in ErrorCode.INSECURE_CERTIFICATE:\n            exception_class = InsecureCertificateException\n        elif status in ErrorCode.INVALID_COORDINATES:\n            exception_class = InvalidCoordinatesException\n        elif status in ErrorCode.INVALID_SESSION_ID:\n            exception_class = InvalidSessionIdException\n        elif status in ErrorCode.UNKNOWN_METHOD:\n            exception_class = UnknownMethodException\n        else:\n            exception_class = WebDriverException\n        if not value:\n            value = response['value']\n        if isinstance(value, str):\n            raise exception_class(value)\n        if message == \"\" and 'message' in value:\n            message = value['message']\n    \n        screen = None  # type: ignore[assignment]\n        if 'screen' in value:\n            screen = value['screen']\n    \n        stacktrace = None\n        st_value = value.get('stackTrace') or value.get('stacktrace')\n        if st_value:\n            if isinstance(st_value, str):\n                stacktrace = st_value.split('\\n')\n            else:\n                stacktrace = []\n                try:\n                    for frame in st_value:\n                        line = frame.get(\"lineNumber\", \"\")\n                        file = frame.get(\"fileName\", \"<anonymous>\")\n                        if line:\n                            file = f\"{file}:{line}\"\n                        meth = frame.get('methodName', '<anonymous>')\n                        if 'className' in frame:\n                            meth = \"{}.{}\".format(frame['className'], meth)\n                        msg = \"    at %s (%s)\"\n                        msg = msg % (meth, file)\n                        stacktrace.append(msg)\n                except TypeError:\n                    pass\n        if exception_class == UnexpectedAlertPresentException:\n            alert_text = None\n            if 'data' in value:\n                alert_text = value['data'].get('text')\n            elif 'alert' in value:\n                alert_text = value['alert'].get('text')\n            raise exception_class(message, screen, stacktrace, alert_text)  # type: ignore[call-arg]  # mypy is not smart enough here\n>       raise exception_class(message, screen, stacktrace)\nE       selenium.common.exceptions.NoSuchElementException: Message: Unable to locate element: //input[contains(@class, 'Input_Input__1iN_Z') and @placeholder='* Когда привезти самокат']\nE       Stacktrace:\nE       WebDriverError@chrome://remote/content/shared/webdriver/Errors.jsm:186:5\nE       NoSuchElementError@chrome://remote/content/shared/webdriver/Errors.jsm:398:5\nE       element.find/</<@chrome://remote/content/marionette/element.js:300:16\n\n../../.local/share/virtualenvs/Sprint_4-n8I3Qonr/lib/python3.10/site-packages/selenium/webdriver/remote/errorhandler.py:243: NoSuchElementException"}, "description": "Позитивный тест заказа с первым набором данных", "steps": [{"name": "Закрытие всплывающего окна с сообщением о куках", "status": "passed", "start": 1666840903337, "stop": 1666840903639}, {"name": "Нажатие на верхнюю кнопку \"Заказать\"", "status": "passed", "start": 1666840903639, "stop": 1666840903914}, {"name": "Заполнени полей первой страницы заказа", "status": "passed", "steps": [{"name": "Генерация номера телефона", "status": "passed", "start": 1666840904890, "stop": 1666840904890}], "parameters": [{"name": "station", "value": "('xpath', \"(//button[@class='Order_SelectOption__82bhS select-search__option'])[1]\")"}, {"name": "street_address", "value": "'наб. Медицинская, д. 19 к. 2'"}], "start": 1666840903914, "stop": 1666840904935}, {"name": "Нажатие кнопки \"Заказать\" на первой странице заказа", "status": "passed", "start": 1666840904935, "stop": 1666840905242}, {"name": "Заполнени полей второй страницы заказа", "status": "broken", "statusDetails": {"message": "selenium.common.exceptions.NoSuchElementException: Message: Unable to locate element: //input[contains(@class, 'Input_Input__1iN_Z') and @placeholder='* Когда привезти самокат']\nStacktrace:\nWebDriverError@chrome://remote/content/shared/webdriver/Errors.jsm:186:5\nNoSuchElementError@chrome://remote/content/shared/webdriver/Errors.jsm:398:5\nelement.find/</<@chrome://remote/content/marionette/element.js:300:16\n\n", "trace": "  File \"/home/noob/.local/share/virtualenvs/Sprint_4-n8I3Qonr/lib/python3.10/site-packages/allure_commons/_allure.py\", line 180, in impl\n    return func(*a, **kw)\n  File \"/home/noob/ya/Sprint_4/pages/order_page.py\", line 102, in fill_fields_2\n    d.find_element(*self.time_delivery_field).send_keys(\n  File \"/home/noob/.local/share/virtualenvs/Sprint_4-n8I3Qonr/lib/python3.10/site-packages/selenium/webdriver/remote/webdriver.py\", line 856, in find_element\n    return self.execute(Command.FIND_ELEMENT, {\n  File \"/home/noob/.local/share/virtualenvs/Sprint_4-n8I3Qonr/lib/python3.10/site-packages/selenium/webdriver/remote/webdriver.py\", line 429, in execute\n    self.error_handler.check_response(response)\n  File \"/home/noob/.local/share/virtualenvs/Sprint_4-n8I3Qonr/lib/python3.10/site-packages/selenium/webdriver/remote/errorhandler.py\", line 243, in check_response\n    raise exception_class(message, screen, stacktrace)\n"}, "parameters": [{"name": "time_rent_select", "value": "('xpath', \"//div[@class='Dropdown-menu']//div[1]\")"}, {"name": "comment_text", "value": "'Какой-то комметарий 1'"}, {"name": "color", "value": "('xpath', \"//div[contains(@class, 'Order_Checkboxes__3lWSI')]/label[1]\")"}], "start": 1666840905243, "stop": 1666840910258}], "attachments": [{"name": "stderr", "source": "6cb9e165-92b8-4ae2-bb7b-7ec35fd1632d-attachment.txt", "type": "text/plain"}], "start": 1666840903337, "stop": 1666840910261, "uuid": "c49e26b9-55d8-42d4-8695-2678b7850e0b", "historyId": "c334c25cc6618d9f200d4e5264b86bf7", "testCaseId": "0b0fb3d6365db76aa5f7d02886aa1509", "fullName": "test.test_order.TestOrder#test_1", "labels": [{"name": "tag", "value": "@pytest.mark.usefixtures('driver')"}, {"name": "parentSuite", "value": "test"}, {"name": "suite", "value": "test_order"}, {"name": "subSuite", "value": "TestOrder"}, {"name": "host", "value": "noob"}, {"name": "thread", "value": "35150-MainThread"}, {"name": "framework", "value": "pytest"}, {"name": "language", "value": "cpython3"}, {"name": "package", "value": "test.test_order"}]}